<testsuite tests="4" skipped="0" name="test.ApplicationSpec" hostname="BCH-xli" failures="0" time="0.000" errors="0">
        <properties>
[...]
</properties>
        <testcase name="Application should::redirect to the computer list on /" time="0.025" classname="test.ApplicationSpec">
        
      </testcase><testcase name="Application should::list computers on the the first page" time="0.216" classname="test.ApplicationSpec">
        <failure message="'









&lt;!DOCTYPE html&gt;
&lt;html&gt;
    &lt;head&gt;
        &lt;title&gt;Computers database&lt;/title&gt;
        &lt;link rel=&quot;stylesheet&quot; type=&quot;text/css&quot; media=&quot;screen&quot; href=&quot;/assets/stylesheets/bootstrap.min.css&quot;&gt; 
        &lt;link rel=&quot;stylesheet&quot; type=&quot;text/css&quot; media=&quot;screen&quot; href=&quot;/assets/stylesheets/main.css&quot;&gt; 
    &lt;/head&gt;
    &lt;body&gt;
        
        &lt;header class=&quot;topbar&quot;&gt;
            &lt;h1 class=&quot;fill&quot;&gt;
                &lt;a href=&quot;/&quot;&gt;
                    Play 2.0 sample application &amp;mdash; Computer database. Using Squeryl
                &lt;/a&gt;
            &lt;/h1&gt;
        &lt;/header&gt;
        
        &lt;section id=&quot;main&quot;&gt;
            
    
    &lt;h1&gt;15 computers found&lt;/h1&gt;

    

    &lt;div id=&quot;actions&quot;&gt;
        
         

&lt;form action=&quot;/computers&quot; method=&quot;GET&quot; &gt;
    
            &lt;input type=&quot;search&quot; id=&quot;searchbox&quot; name=&quot;f&quot; value=&quot;&quot; placeholder=&quot;Filter by computer name...&quot;&gt;
            &lt;input type=&quot;submit&quot; id=&quot;searchsubmit&quot; value=&quot;Filter by name&quot; class=&quot;btn primary&quot;&gt;
        
&lt;/form&gt;

        
        &lt;a class=&quot;btn success&quot; id=&quot;add&quot; href=&quot;/computers/new&quot;&gt;Add a new computer&lt;/a&gt;
        
    &lt;/div&gt;
    
    
        
        &lt;table class=&quot;computers zebra-striped&quot;&gt;
            &lt;thead&gt;
                &lt;tr&gt;
                    
    &lt;th class=&quot;col2 header headerSortUp&quot;&gt;
        &lt;a href=&quot;/computers?s=-2&quot;&gt;Computer name&lt;/a&gt;
    &lt;/th&gt;

                    
    &lt;th class=&quot;col3 header &quot;&gt;
        &lt;a href=&quot;/computers?s=3&quot;&gt;Introduced&lt;/a&gt;
    &lt;/th&gt;

                    
    &lt;th class=&quot;col4 header &quot;&gt;
        &lt;a href=&quot;/computers?s=4&quot;&gt;Discontinued&lt;/a&gt;
    &lt;/th&gt;

                    
    &lt;th class=&quot;col5 header &quot;&gt;
        &lt;a href=&quot;/computers?s=5&quot;&gt;Company&lt;/a&gt;
    &lt;/th&gt;

                &lt;/tr&gt;
            &lt;/thead&gt;
            &lt;tbody&gt;

                 
                        &lt;tr&gt;
                            &lt;td&gt;&lt;a href=&quot;/computers/1&quot;&gt;MacBook Pro 15.4 inch &lt;/a&gt;&lt;/td&gt;
                            &lt;td&gt;
                                 &lt;em&gt;-&lt;/em&gt; 
                            &lt;/td&gt;
                            &lt;td&gt;
                                 &lt;em&gt;-&lt;/em&gt; 
                            &lt;/td&gt;
                            &lt;td&gt;
                                Apple Inc.
                            &lt;/td&gt;
                        &lt;/tr&gt;
                 
                        &lt;tr&gt;
                            &lt;td&gt;&lt;a href=&quot;/computers/2&quot;&gt;CM-2a&lt;/a&gt;&lt;/td&gt;
                            &lt;td&gt;
                                 &lt;em&gt;-&lt;/em&gt; 
                            &lt;/td&gt;
                            &lt;td&gt;
                                 &lt;em&gt;-&lt;/em&gt; 
                            &lt;/td&gt;
                            &lt;td&gt;
                                Thinking Machines.
                            &lt;/td&gt;
                        &lt;/tr&gt;
                 
                        &lt;tr&gt;
                            &lt;td&gt;&lt;a href=&quot;/computers/3&quot;&gt;CM-200&lt;/a&gt;&lt;/td&gt;
                            &lt;td&gt;
                                 &lt;em&gt;-&lt;/em&gt; 
                            &lt;/td&gt;
                            &lt;td&gt;
                                 &lt;em&gt;-&lt;/em&gt; 
                            &lt;/td&gt;
                            &lt;td&gt;
                                Thinking Machines.
                            &lt;/td&gt;
                        &lt;/tr&gt;
                 
                        &lt;tr&gt;
                            &lt;td&gt;&lt;a href=&quot;/computers/4&quot;&gt;CM-5e&lt;/a&gt;&lt;/td&gt;
                            &lt;td&gt;
                                 &lt;em&gt;-&lt;/em&gt; 
                            &lt;/td&gt;
                            &lt;td&gt;
                                 &lt;em&gt;-&lt;/em&gt; 
                            &lt;/td&gt;
                            &lt;td&gt;
                                Thinking Machines.
                            &lt;/td&gt;
                        &lt;/tr&gt;
                 
                        &lt;tr&gt;
                            &lt;td&gt;&lt;a href=&quot;/computers/5&quot;&gt;CM-5e&lt;/a&gt;&lt;/td&gt;
                            &lt;td&gt;
                                1991 &amp;#19968;&amp;#26376; 01
                            &lt;/td&gt;
                            &lt;td&gt;
                                 &lt;em&gt;-&lt;/em&gt; 
                            &lt;/td&gt;
                            &lt;td&gt;
                                Thinking Machines.
                            &lt;/td&gt;
                        &lt;/tr&gt;
                 
                        &lt;tr&gt;
                            &lt;td&gt;&lt;a href=&quot;/computers/6&quot;&gt;MacBook Pro&lt;/a&gt;&lt;/td&gt;
                            &lt;td&gt;
                                2006 &amp;#19968;&amp;#26376; 10
                            &lt;/td&gt;
                            &lt;td&gt;
                                 &lt;em&gt;-&lt;/em&gt; 
                            &lt;/td&gt;
                            &lt;td&gt;
                                Apple Inc.
                            &lt;/td&gt;
                        &lt;/tr&gt;
                 
                        &lt;tr&gt;
                            &lt;td&gt;&lt;a href=&quot;/computers/7&quot;&gt;Apple IIe&lt;/a&gt;&lt;/td&gt;
                            &lt;td&gt;
                                 &lt;em&gt;-&lt;/em&gt; 
                            &lt;/td&gt;
                            &lt;td&gt;
                                 &lt;em&gt;-&lt;/em&gt; 
                            &lt;/td&gt;
                            &lt;td&gt;
                                Apple Inc.
                            &lt;/td&gt;
                        &lt;/tr&gt;
                 
                        &lt;tr&gt;
                            &lt;td&gt;&lt;a href=&quot;/computers/8&quot;&gt;Apple IIc&lt;/a&gt;&lt;/td&gt;
                            &lt;td&gt;
                                 &lt;em&gt;-&lt;/em&gt; 
                            &lt;/td&gt;
                            &lt;td&gt;
                                 &lt;em&gt;-&lt;/em&gt; 
                            &lt;/td&gt;
                            &lt;td&gt;
                                Apple Inc.
                            &lt;/td&gt;
                        &lt;/tr&gt;
                 
                        &lt;tr&gt;
                            &lt;td&gt;&lt;a href=&quot;/computers/9&quot;&gt;Apple IIGS&lt;/a&gt;&lt;/td&gt;
                            &lt;td&gt;
                                 &lt;em&gt;-&lt;/em&gt; 
                            &lt;/td&gt;
                            &lt;td&gt;
                                 &lt;em&gt;-&lt;/em&gt; 
                            &lt;/td&gt;
                            &lt;td&gt;
                                Apple Inc.
                            &lt;/td&gt;
                        &lt;/tr&gt;
                 
                        &lt;tr&gt;
                            &lt;td&gt;&lt;a href=&quot;/computers/10&quot;&gt;Apple IIc Plus&lt;/a&gt;&lt;/td&gt;
                            &lt;td&gt;
                                 &lt;em&gt;-&lt;/em&gt; 
                            &lt;/td&gt;
                            &lt;td&gt;
                                 &lt;em&gt;-&lt;/em&gt; 
                            &lt;/td&gt;
                            &lt;td&gt;
                                Apple Inc.
                            &lt;/td&gt;
                        &lt;/tr&gt;
                 
                        &lt;tr&gt;
                            &lt;td&gt;&lt;a href=&quot;/computers/11&quot;&gt;Apple II Plus&lt;/a&gt;&lt;/td&gt;
                            &lt;td&gt;
                                 &lt;em&gt;-&lt;/em&gt; 
                            &lt;/td&gt;
                            &lt;td&gt;
                                 &lt;em&gt;-&lt;/em&gt; 
                            &lt;/td&gt;
                            &lt;td&gt;
                                Apple Inc.
                            &lt;/td&gt;
                        &lt;/tr&gt;
                 
                        &lt;tr&gt;
                            &lt;td&gt;&lt;a href=&quot;/computers/12&quot;&gt;Apple III&lt;/a&gt;&lt;/td&gt;
                            &lt;td&gt;
                                1980 &amp;#20116;&amp;#26376; 01
                            &lt;/td&gt;
                            &lt;td&gt;
                                1984 &amp;#22235;&amp;#26376; 01
                            &lt;/td&gt;
                            &lt;td&gt;
                                Apple Inc.
                            &lt;/td&gt;
                        &lt;/tr&gt;
                 
                        &lt;tr&gt;
                            &lt;td&gt;&lt;a href=&quot;/computers/13&quot;&gt;Apple Lisa &lt;/a&gt;&lt;/td&gt;
                            &lt;td&gt;
                                 &lt;em&gt;-&lt;/em&gt; 
                            &lt;/td&gt;
                            &lt;td&gt;
                                 &lt;em&gt;-&lt;/em&gt; 
                            &lt;/td&gt;
                            &lt;td&gt;
                                Apple Inc.
                            &lt;/td&gt;
                        &lt;/tr&gt;
                 
                        &lt;tr&gt;
                            &lt;td&gt;&lt;a href=&quot;/computers/14&quot;&gt;CM-2 &lt;/a&gt;&lt;/td&gt;
                            &lt;td&gt;
                                 &lt;em&gt;-&lt;/em&gt; 
                            &lt;/td&gt;
                            &lt;td&gt;
                                 &lt;em&gt;-&lt;/em&gt; 
                            &lt;/td&gt;
                            &lt;td&gt;
                                Thinking Machines.
                            &lt;/td&gt;
                        &lt;/tr&gt;
                 
                        &lt;tr&gt;
                            &lt;td&gt;&lt;a href=&quot;/computers/15&quot;&gt;produced by unknown&lt;/a&gt;&lt;/td&gt;
                            &lt;td&gt;
                                 &lt;em&gt;-&lt;/em&gt; 
                            &lt;/td&gt;
                            &lt;td&gt;
                                 &lt;em&gt;-&lt;/em&gt; 
                            &lt;/td&gt;
                            &lt;td&gt;
                                Unknown
                            &lt;/td&gt;
                        &lt;/tr&gt;
                

            &lt;/tbody&gt;
        &lt;/table&gt;

        &lt;div id=&quot;pagination&quot; class=&quot;pagination&quot;&gt;
            &lt;ul&gt;
                
                    &lt;li class=&quot;prev disabled&quot;&gt;
                        &lt;a&gt;&amp;larr; Previous&lt;/a&gt;
                    &lt;/li&gt;
                
                &lt;li class=&quot;current&quot;&gt;
                    &lt;a&gt;Displaying 1 to 15 of 15&lt;/a&gt;
                &lt;/li&gt;
                
                    &lt;li class=&quot;next disabled&quot;&gt;
                        &lt;a&gt;Next &amp;rarr;&lt;/a&gt;
                    &lt;/li&gt;
                
            &lt;/ul&gt;
        &lt;/div&gt;
        
    

        

        &lt;/section&gt;
        
    &lt;/body&gt;
&lt;/html&gt;


            ' doesn't contain '574 computers found'" type="java.lang.Exception">test.ApplicationSpec$$anonfun$1$$anonfun$apply$21$$anonfun$apply$22.apply(ApplicationSpec.scala:35)
test.ApplicationSpec$$anonfun$1$$anonfun$apply$21$$anonfun$apply$22.apply(ApplicationSpec.scala:30)
play.api.test.Helpers$.running(Helpers.scala:33)
test.ApplicationSpec$$anonfun$1$$anonfun$apply$21.apply(ApplicationSpec.scala:30)
test.ApplicationSpec$$anonfun$1$$anonfun$apply$21.apply(ApplicationSpec.scala:30)</failure>
      </testcase><testcase name="Application should::filter computer by name" time="0.121" classname="test.ApplicationSpec">
        <failure message="'









&lt;!DOCTYPE html&gt;
&lt;html&gt;
    &lt;head&gt;
        &lt;title&gt;Computers database&lt;/title&gt;
        &lt;link rel=&quot;stylesheet&quot; type=&quot;text/css&quot; media=&quot;screen&quot; href=&quot;/assets/stylesheets/bootstrap.min.css&quot;&gt; 
        &lt;link rel=&quot;stylesheet&quot; type=&quot;text/css&quot; media=&quot;screen&quot; href=&quot;/assets/stylesheets/main.css&quot;&gt; 
    &lt;/head&gt;
    &lt;body&gt;
        
        &lt;header class=&quot;topbar&quot;&gt;
            &lt;h1 class=&quot;fill&quot;&gt;
                &lt;a href=&quot;/&quot;&gt;
                    Play 2.0 sample application &amp;mdash; Computer database. Using Squeryl
                &lt;/a&gt;
            &lt;/h1&gt;
        &lt;/header&gt;
        
        &lt;section id=&quot;main&quot;&gt;
            
    
    &lt;h1&gt;15 computers found&lt;/h1&gt;

    

    &lt;div id=&quot;actions&quot;&gt;
        
         

&lt;form action=&quot;/computers&quot; method=&quot;GET&quot; &gt;
    
            &lt;input type=&quot;search&quot; id=&quot;searchbox&quot; name=&quot;f&quot; value=&quot;Apple&quot; placeholder=&quot;Filter by computer name...&quot;&gt;
            &lt;input type=&quot;submit&quot; id=&quot;searchsubmit&quot; value=&quot;Filter by name&quot; class=&quot;btn primary&quot;&gt;
        
&lt;/form&gt;

        
        &lt;a class=&quot;btn success&quot; id=&quot;add&quot; href=&quot;/computers/new&quot;&gt;Add a new computer&lt;/a&gt;
        
    &lt;/div&gt;
    
    
        
        &lt;table class=&quot;computers zebra-striped&quot;&gt;
            &lt;thead&gt;
                &lt;tr&gt;
                    
    &lt;th class=&quot;col2 header headerSortUp&quot;&gt;
        &lt;a href=&quot;/computers?s=-2&amp;amp;f=Apple&quot;&gt;Computer name&lt;/a&gt;
    &lt;/th&gt;

                    
    &lt;th class=&quot;col3 header &quot;&gt;
        &lt;a href=&quot;/computers?s=3&amp;amp;f=Apple&quot;&gt;Introduced&lt;/a&gt;
    &lt;/th&gt;

                    
    &lt;th class=&quot;col4 header &quot;&gt;
        &lt;a href=&quot;/computers?s=4&amp;amp;f=Apple&quot;&gt;Discontinued&lt;/a&gt;
    &lt;/th&gt;

                    
    &lt;th class=&quot;col5 header &quot;&gt;
        &lt;a href=&quot;/computers?s=5&amp;amp;f=Apple&quot;&gt;Company&lt;/a&gt;
    &lt;/th&gt;

                &lt;/tr&gt;
            &lt;/thead&gt;
            &lt;tbody&gt;

                 
                        &lt;tr&gt;
                            &lt;td&gt;&lt;a href=&quot;/computers/7&quot;&gt;Apple IIe&lt;/a&gt;&lt;/td&gt;
                            &lt;td&gt;
                                 &lt;em&gt;-&lt;/em&gt; 
                            &lt;/td&gt;
                            &lt;td&gt;
                                 &lt;em&gt;-&lt;/em&gt; 
                            &lt;/td&gt;
                            &lt;td&gt;
                                Apple Inc.
                            &lt;/td&gt;
                        &lt;/tr&gt;
                 
                        &lt;tr&gt;
                            &lt;td&gt;&lt;a href=&quot;/computers/8&quot;&gt;Apple IIc&lt;/a&gt;&lt;/td&gt;
                            &lt;td&gt;
                                 &lt;em&gt;-&lt;/em&gt; 
                            &lt;/td&gt;
                            &lt;td&gt;
                                 &lt;em&gt;-&lt;/em&gt; 
                            &lt;/td&gt;
                            &lt;td&gt;
                                Apple Inc.
                            &lt;/td&gt;
                        &lt;/tr&gt;
                 
                        &lt;tr&gt;
                            &lt;td&gt;&lt;a href=&quot;/computers/9&quot;&gt;Apple IIGS&lt;/a&gt;&lt;/td&gt;
                            &lt;td&gt;
                                 &lt;em&gt;-&lt;/em&gt; 
                            &lt;/td&gt;
                            &lt;td&gt;
                                 &lt;em&gt;-&lt;/em&gt; 
                            &lt;/td&gt;
                            &lt;td&gt;
                                Apple Inc.
                            &lt;/td&gt;
                        &lt;/tr&gt;
                 
                        &lt;tr&gt;
                            &lt;td&gt;&lt;a href=&quot;/computers/10&quot;&gt;Apple IIc Plus&lt;/a&gt;&lt;/td&gt;
                            &lt;td&gt;
                                 &lt;em&gt;-&lt;/em&gt; 
                            &lt;/td&gt;
                            &lt;td&gt;
                                 &lt;em&gt;-&lt;/em&gt; 
                            &lt;/td&gt;
                            &lt;td&gt;
                                Apple Inc.
                            &lt;/td&gt;
                        &lt;/tr&gt;
                 
                        &lt;tr&gt;
                            &lt;td&gt;&lt;a href=&quot;/computers/11&quot;&gt;Apple II Plus&lt;/a&gt;&lt;/td&gt;
                            &lt;td&gt;
                                 &lt;em&gt;-&lt;/em&gt; 
                            &lt;/td&gt;
                            &lt;td&gt;
                                 &lt;em&gt;-&lt;/em&gt; 
                            &lt;/td&gt;
                            &lt;td&gt;
                                Apple Inc.
                            &lt;/td&gt;
                        &lt;/tr&gt;
                 
                        &lt;tr&gt;
                            &lt;td&gt;&lt;a href=&quot;/computers/12&quot;&gt;Apple III&lt;/a&gt;&lt;/td&gt;
                            &lt;td&gt;
                                1980 &amp;#20116;&amp;#26376; 01
                            &lt;/td&gt;
                            &lt;td&gt;
                                1984 &amp;#22235;&amp;#26376; 01
                            &lt;/td&gt;
                            &lt;td&gt;
                                Apple Inc.
                            &lt;/td&gt;
                        &lt;/tr&gt;
                 
                        &lt;tr&gt;
                            &lt;td&gt;&lt;a href=&quot;/computers/13&quot;&gt;Apple Lisa &lt;/a&gt;&lt;/td&gt;
                            &lt;td&gt;
                                 &lt;em&gt;-&lt;/em&gt; 
                            &lt;/td&gt;
                            &lt;td&gt;
                                 &lt;em&gt;-&lt;/em&gt; 
                            &lt;/td&gt;
                            &lt;td&gt;
                                Apple Inc.
                            &lt;/td&gt;
                        &lt;/tr&gt;
                

            &lt;/tbody&gt;
        &lt;/table&gt;

        &lt;div id=&quot;pagination&quot; class=&quot;pagination&quot;&gt;
            &lt;ul&gt;
                
                    &lt;li class=&quot;prev disabled&quot;&gt;
                        &lt;a&gt;&amp;larr; Previous&lt;/a&gt;
                    &lt;/li&gt;
                
                &lt;li class=&quot;current&quot;&gt;
                    &lt;a&gt;Displaying 1 to 7 of 15&lt;/a&gt;
                &lt;/li&gt;
                
                    &lt;li class=&quot;next&quot;&gt;
                        &lt;a href=&quot;/computers?p=1&amp;amp;f=Apple&quot;&gt;Next &amp;rarr;&lt;/a&gt;
                    &lt;/li&gt; 
                
            &lt;/ul&gt;
        &lt;/div&gt;
        
    

        

        &lt;/section&gt;
        
    &lt;/body&gt;
&lt;/html&gt;


            ' doesn't contain '13 computers found'" type="java.lang.Exception">test.ApplicationSpec$$anonfun$1$$anonfun$apply$27$$anonfun$apply$28.apply(ApplicationSpec.scala:46)
test.ApplicationSpec$$anonfun$1$$anonfun$apply$27$$anonfun$apply$28.apply(ApplicationSpec.scala:41)
play.api.test.Helpers$.running(Helpers.scala:33)
test.ApplicationSpec$$anonfun$1$$anonfun$apply$27.apply(ApplicationSpec.scala:41)
test.ApplicationSpec$$anonfun$1$$anonfun$apply$27.apply(ApplicationSpec.scala:41)</failure>
      </testcase><testcase name="Application should::create new computer" time="0.144" classname="test.ApplicationSpec">
        <failure message="'400' is not equal to '303'" type="java.lang.Exception">test.ApplicationSpec$$anonfun$1$$anonfun$apply$33$$anonfun$apply$34.apply(ApplicationSpec.scala:71)
test.ApplicationSpec$$anonfun$1$$anonfun$apply$33$$anonfun$apply$34.apply(ApplicationSpec.scala:52)
play.api.test.Helpers$.running(Helpers.scala:33)
test.ApplicationSpec$$anonfun$1$$anonfun$apply$33.apply(ApplicationSpec.scala:52)
test.ApplicationSpec$$anonfun$1$$anonfun$apply$33.apply(ApplicationSpec.scala:52)</failure>
      </testcase>
        <system-out></system-out>
        <system-err></system-err>
      </testsuite>