<?xml version='1.0' encoding='UTF-8'?>
<testsuite tests="7" name="db.InitDataTest" hostname="BCH-xli" failures="0" time="2.878" errors="0">
                     <properties>
[...]
</properties>
                     <testcase name="db.InitDataTest.printDDL" time="0.0" classname="db.InitDataTest">
                                                 
                                               </testcase><testcase name="db.InitDataTest.companiesData" time="0.0" classname="db.InitDataTest">
                                                 
                                               </testcase><testcase name="db.InitDataTest.oneToManyRelation" time="0.0" classname="db.InitDataTest">
                                                 
                                               </testcase><testcase name="db.InitDataTest.computerData" time="0.0" classname="db.InitDataTest">
                                                 
                                               </testcase><testcase name="db.InitDataTest.listOrderBy" time="0.0" classname="db.InitDataTest">
                                                 
                                               </testcase><testcase name="db.InitDataTest.findNotExisted" time="0.0" classname="db.InitDataTest">
                                                 
                                               </testcase><testcase name="db.InitDataTest.updateComputer" time="0.0" classname="db.InitDataTest">
                                                 
                                               </testcase>
                     <system-out></system-out>
                     <system-err></system-err>
                   </testsuite>